CRITICAL - 2024-12-23 08:09:36 --> Error: Undefined constant "CodeIgniter\Database\MySQLi\MYSQLI_STORE_RESULT"
[Method: CLI, Route: migrate]
in SYSTEMPATH\Database\Database.php on line 143.
 1 SYSTEMPATH\Database\Database.php(61): CodeIgniter\Database\Database->initDriver()
 2 SYSTEMPATH\Database\Config.php(84): CodeIgniter\Database\Database->load()
 3 SYSTEMPATH\Common.php(361): CodeIgniter\Database\Config::connect()
 4 SYSTEMPATH\Database\MigrationRunner.php(146): db_connect()
 5 SYSTEMPATH\Config\Services.php(421): CodeIgniter\Database\MigrationRunner->__construct()
 6 SYSTEMPATH\Config\BaseService.php(312): CodeIgniter\Config\Services::migrations()
 7 SYSTEMPATH\Config\BaseService.php(251): CodeIgniter\Config\BaseService::__callStatic()
 8 SYSTEMPATH\Config\Services.php(416): CodeIgniter\Config\BaseService::getSharedInstance()
 9 SYSTEMPATH\Config\BaseService.php(321): CodeIgniter\Config\Services::migrations()
10 SYSTEMPATH\Config\BaseService.php(202): CodeIgniter\Config\BaseService::__callStatic()
11 SYSTEMPATH\Common.php(998): CodeIgniter\Config\BaseService::get()
12 SYSTEMPATH\Commands\Database\Migrate.php(70): service()
13 SYSTEMPATH\CLI\Commands.php(70): CodeIgniter\Commands\Database\Migrate->run()
14 SYSTEMPATH\CLI\Console.php(48): CodeIgniter\CLI\Commands->run()
15 SYSTEMPATH\Boot.php(351): CodeIgniter\CLI\Console->run()
16 SYSTEMPATH\Boot.php(104): CodeIgniter\Boot::runCommand()
17 ROOTPATH\spark(84): CodeIgniter\Boot::bootSpark()
CRITICAL - 2024-12-23 08:10:40 --> Error: Undefined constant "CodeIgniter\Database\MySQLi\MYSQLI_STORE_RESULT"
[Method: CLI, Route: migrate]
in SYSTEMPATH\Database\Database.php on line 143.
 1 SYSTEMPATH\Database\Database.php(61): CodeIgniter\Database\Database->initDriver()
 2 SYSTEMPATH\Database\Config.php(84): CodeIgniter\Database\Database->load()
 3 SYSTEMPATH\Common.php(361): CodeIgniter\Database\Config::connect()
 4 SYSTEMPATH\Database\MigrationRunner.php(146): db_connect()
 5 SYSTEMPATH\Config\Services.php(421): CodeIgniter\Database\MigrationRunner->__construct()
 6 SYSTEMPATH\Config\BaseService.php(312): CodeIgniter\Config\Services::migrations()
 7 SYSTEMPATH\Config\BaseService.php(251): CodeIgniter\Config\BaseService::__callStatic()
 8 SYSTEMPATH\Config\Services.php(416): CodeIgniter\Config\BaseService::getSharedInstance()
 9 SYSTEMPATH\Config\BaseService.php(321): CodeIgniter\Config\Services::migrations()
10 SYSTEMPATH\Config\BaseService.php(202): CodeIgniter\Config\BaseService::__callStatic()
11 SYSTEMPATH\Common.php(998): CodeIgniter\Config\BaseService::get()
12 SYSTEMPATH\Commands\Database\Migrate.php(70): service()
13 SYSTEMPATH\CLI\Commands.php(70): CodeIgniter\Commands\Database\Migrate->run()
14 SYSTEMPATH\CLI\Console.php(48): CodeIgniter\CLI\Commands->run()
15 SYSTEMPATH\Boot.php(351): CodeIgniter\CLI\Console->run()
16 SYSTEMPATH\Boot.php(104): CodeIgniter\Boot::runCommand()
17 ROOTPATH\spark(84): CodeIgniter\Boot::bootSpark()
CRITICAL - 2024-12-23 08:10:53 --> Error: Undefined constant "CodeIgniter\Database\MySQLi\MYSQLI_STORE_RESULT"
[Method: CLI, Route: migrate]
in SYSTEMPATH\Database\Database.php on line 143.
 1 SYSTEMPATH\Database\Database.php(61): CodeIgniter\Database\Database->initDriver()
 2 SYSTEMPATH\Database\Config.php(84): CodeIgniter\Database\Database->load()
 3 SYSTEMPATH\Common.php(361): CodeIgniter\Database\Config::connect()
 4 SYSTEMPATH\Database\MigrationRunner.php(146): db_connect()
 5 SYSTEMPATH\Config\Services.php(421): CodeIgniter\Database\MigrationRunner->__construct()
 6 SYSTEMPATH\Config\BaseService.php(312): CodeIgniter\Config\Services::migrations()
 7 SYSTEMPATH\Config\BaseService.php(251): CodeIgniter\Config\BaseService::__callStatic()
 8 SYSTEMPATH\Config\Services.php(416): CodeIgniter\Config\BaseService::getSharedInstance()
 9 SYSTEMPATH\Config\BaseService.php(321): CodeIgniter\Config\Services::migrations()
10 SYSTEMPATH\Config\BaseService.php(202): CodeIgniter\Config\BaseService::__callStatic()
11 SYSTEMPATH\Common.php(998): CodeIgniter\Config\BaseService::get()
12 SYSTEMPATH\Commands\Database\Migrate.php(70): service()
13 SYSTEMPATH\CLI\Commands.php(70): CodeIgniter\Commands\Database\Migrate->run()
14 SYSTEMPATH\CLI\Console.php(48): CodeIgniter\CLI\Commands->run()
15 SYSTEMPATH\Boot.php(351): CodeIgniter\CLI\Console->run()
16 SYSTEMPATH\Boot.php(104): CodeIgniter\Boot::runCommand()
17 ROOTPATH\spark(84): CodeIgniter\Boot::bootSpark()
CRITICAL - 2024-12-23 08:11:42 --> Error: Undefined constant "CodeIgniter\Database\MySQLi\MYSQLI_STORE_RESULT"
[Method: CLI, Route: migrate]
in SYSTEMPATH\Database\Database.php on line 143.
 1 SYSTEMPATH\Database\Database.php(61): CodeIgniter\Database\Database->initDriver()
 2 SYSTEMPATH\Database\Config.php(84): CodeIgniter\Database\Database->load()
 3 SYSTEMPATH\Common.php(361): CodeIgniter\Database\Config::connect()
 4 SYSTEMPATH\Database\MigrationRunner.php(146): db_connect()
 5 SYSTEMPATH\Config\Services.php(421): CodeIgniter\Database\MigrationRunner->__construct()
 6 SYSTEMPATH\Config\BaseService.php(312): CodeIgniter\Config\Services::migrations()
 7 SYSTEMPATH\Config\BaseService.php(251): CodeIgniter\Config\BaseService::__callStatic()
 8 SYSTEMPATH\Config\Services.php(416): CodeIgniter\Config\BaseService::getSharedInstance()
 9 SYSTEMPATH\Config\BaseService.php(321): CodeIgniter\Config\Services::migrations()
10 SYSTEMPATH\Config\BaseService.php(202): CodeIgniter\Config\BaseService::__callStatic()
11 SYSTEMPATH\Common.php(998): CodeIgniter\Config\BaseService::get()
12 SYSTEMPATH\Commands\Database\Migrate.php(70): service()
13 SYSTEMPATH\CLI\Commands.php(70): CodeIgniter\Commands\Database\Migrate->run()
14 SYSTEMPATH\CLI\Console.php(48): CodeIgniter\CLI\Commands->run()
15 SYSTEMPATH\Boot.php(351): CodeIgniter\CLI\Console->run()
16 SYSTEMPATH\Boot.php(104): CodeIgniter\Boot::runCommand()
17 ROOTPATH\spark(84): CodeIgniter\Boot::bootSpark()
CRITICAL - 2024-12-23 08:11:53 --> Error: Undefined constant "CodeIgniter\Database\MySQLi\MYSQLI_STORE_RESULT"
[Method: CLI, Route: migrate:refresh]
in SYSTEMPATH\Database\Database.php on line 143.
 1 SYSTEMPATH\Database\Database.php(61): CodeIgniter\Database\Database->initDriver()
 2 SYSTEMPATH\Database\Config.php(84): CodeIgniter\Database\Database->load()
 3 SYSTEMPATH\Common.php(361): CodeIgniter\Database\Config::connect()
 4 SYSTEMPATH\Database\MigrationRunner.php(146): db_connect()
 5 SYSTEMPATH\Config\Services.php(421): CodeIgniter\Database\MigrationRunner->__construct()
 6 SYSTEMPATH\Config\BaseService.php(312): CodeIgniter\Config\Services::migrations()
 7 SYSTEMPATH\Config\BaseService.php(251): CodeIgniter\Config\BaseService::__callStatic()
 8 SYSTEMPATH\Config\Services.php(416): CodeIgniter\Config\BaseService::getSharedInstance()
 9 SYSTEMPATH\Config\BaseService.php(321): CodeIgniter\Config\Services::migrations()
10 SYSTEMPATH\Config\BaseService.php(202): CodeIgniter\Config\BaseService::__callStatic()
11 SYSTEMPATH\Common.php(998): CodeIgniter\Config\BaseService::get()
12 SYSTEMPATH\Commands\Database\MigrateRollback.php(83): service()
13 SYSTEMPATH\CLI\Commands.php(70): CodeIgniter\Commands\Database\MigrateRollback->run()
14 SYSTEMPATH\CLI\BaseCommand.php(119): CodeIgniter\CLI\Commands->run()
15 SYSTEMPATH\Commands\Database\MigrateRefresh.php(86): CodeIgniter\CLI\BaseCommand->call()
16 SYSTEMPATH\CLI\Commands.php(70): CodeIgniter\Commands\Database\MigrateRefresh->run()
17 SYSTEMPATH\CLI\Console.php(48): CodeIgniter\CLI\Commands->run()
18 SYSTEMPATH\Boot.php(351): CodeIgniter\CLI\Console->run()
19 SYSTEMPATH\Boot.php(104): CodeIgniter\Boot::runCommand()
20 ROOTPATH\spark(84): CodeIgniter\Boot::bootSpark()
ERROR - 2024-12-23 08:13:41 --> mysqli_sql_exception: Can't create table `web2_ta_inventory`.`detail_pembelian` (errno: 150 "Foreign key constraint is incorrectly formed") in C:\xampp\htdocs\webTA_inventory\system\Database\MySQLi\Connection.php:312
Stack trace:
#0 C:\xampp\htdocs\webTA_inventory\system\Database\MySQLi\Connection.php(312): mysqli->query()
#1 C:\xampp\htdocs\webTA_inventory\system\Database\BaseConnection.php(734): CodeIgniter\Database\MySQLi\Connection->execute()
#2 C:\xampp\htdocs\webTA_inventory\system\Database\BaseConnection.php(648): CodeIgniter\Database\BaseConnection->simpleQuery()
#3 C:\xampp\htdocs\webTA_inventory\system\Database\Forge.php(570): CodeIgniter\Database\BaseConnection->query()
#4 C:\xampp\htdocs\webTA_inventory\app\Database\Migrations\2024-12-23-080107_DetailPembelian.php(38): CodeIgniter\Database\Forge->createTable()
#5 C:\xampp\htdocs\webTA_inventory\system\Database\MigrationRunner.php(867): App\Database\Migrations\DetailPembelian->up()
#6 C:\xampp\htdocs\webTA_inventory\system\Database\MigrationRunner.php(183): CodeIgniter\Database\MigrationRunner->migrate()
#7 C:\xampp\htdocs\webTA_inventory\system\Commands\Database\Migrate.php(85): CodeIgniter\Database\MigrationRunner->latest()
#8 C:\xampp\htdocs\webTA_inventory\system\CLI\Commands.php(70): CodeIgniter\Commands\Database\Migrate->run()
#9 C:\xampp\htdocs\webTA_inventory\system\CLI\Console.php(48): CodeIgniter\CLI\Commands->run()
#10 C:\xampp\htdocs\webTA_inventory\system\Boot.php(351): CodeIgniter\CLI\Console->run()
#11 C:\xampp\htdocs\webTA_inventory\system\Boot.php(104): CodeIgniter\Boot::runCommand()
#12 C:\xampp\htdocs\webTA_inventory\spark(84): CodeIgniter\Boot::bootSpark()
#13 {main}
ERROR - 2024-12-23 08:18:24 --> mysqli_sql_exception: Can't create table `web2_ta_inventory`.`detail_pembelian` (errno: 150 "Foreign key constraint is incorrectly formed") in C:\xampp\htdocs\webTA_inventory\system\Database\MySQLi\Connection.php:312
Stack trace:
#0 C:\xampp\htdocs\webTA_inventory\system\Database\MySQLi\Connection.php(312): mysqli->query()
#1 C:\xampp\htdocs\webTA_inventory\system\Database\BaseConnection.php(734): CodeIgniter\Database\MySQLi\Connection->execute()
#2 C:\xampp\htdocs\webTA_inventory\system\Database\BaseConnection.php(648): CodeIgniter\Database\BaseConnection->simpleQuery()
#3 C:\xampp\htdocs\webTA_inventory\system\Database\Forge.php(570): CodeIgniter\Database\BaseConnection->query()
#4 C:\xampp\htdocs\webTA_inventory\app\Database\Migrations\2024-12-23-080107_DetailPembelian.php(38): CodeIgniter\Database\Forge->createTable()
#5 C:\xampp\htdocs\webTA_inventory\system\Database\MigrationRunner.php(867): App\Database\Migrations\DetailPembelian->up()
#6 C:\xampp\htdocs\webTA_inventory\system\Database\MigrationRunner.php(183): CodeIgniter\Database\MigrationRunner->migrate()
#7 C:\xampp\htdocs\webTA_inventory\system\Commands\Database\Migrate.php(85): CodeIgniter\Database\MigrationRunner->latest()
#8 C:\xampp\htdocs\webTA_inventory\system\CLI\Commands.php(70): CodeIgniter\Commands\Database\Migrate->run()
#9 C:\xampp\htdocs\webTA_inventory\system\CLI\Console.php(48): CodeIgniter\CLI\Commands->run()
#10 C:\xampp\htdocs\webTA_inventory\system\Boot.php(351): CodeIgniter\CLI\Console->run()
#11 C:\xampp\htdocs\webTA_inventory\system\Boot.php(104): CodeIgniter\Boot::runCommand()
#12 C:\xampp\htdocs\webTA_inventory\spark(84): CodeIgniter\Boot::bootSpark()
#13 {main}
ERROR - 2024-12-23 08:18:53 --> mysqli_sql_exception: Can't create table `web2_ta_inventory`.`detail_penjualan` (errno: 150 "Foreign key constraint is incorrectly formed") in C:\xampp\htdocs\webTA_inventory\system\Database\MySQLi\Connection.php:312
Stack trace:
#0 C:\xampp\htdocs\webTA_inventory\system\Database\MySQLi\Connection.php(312): mysqli->query()
#1 C:\xampp\htdocs\webTA_inventory\system\Database\BaseConnection.php(734): CodeIgniter\Database\MySQLi\Connection->execute()
#2 C:\xampp\htdocs\webTA_inventory\system\Database\BaseConnection.php(648): CodeIgniter\Database\BaseConnection->simpleQuery()
#3 C:\xampp\htdocs\webTA_inventory\system\Database\Forge.php(570): CodeIgniter\Database\BaseConnection->query()
#4 C:\xampp\htdocs\webTA_inventory\app\Database\Migrations\2024-12-23-080131_DetailPenjualan.php(38): CodeIgniter\Database\Forge->createTable()
#5 C:\xampp\htdocs\webTA_inventory\system\Database\MigrationRunner.php(867): App\Database\Migrations\DetailPenjualan->up()
#6 C:\xampp\htdocs\webTA_inventory\system\Database\MigrationRunner.php(183): CodeIgniter\Database\MigrationRunner->migrate()
#7 C:\xampp\htdocs\webTA_inventory\system\Commands\Database\Migrate.php(85): CodeIgniter\Database\MigrationRunner->latest()
#8 C:\xampp\htdocs\webTA_inventory\system\CLI\Commands.php(70): CodeIgniter\Commands\Database\Migrate->run()
#9 C:\xampp\htdocs\webTA_inventory\system\CLI\Console.php(48): CodeIgniter\CLI\Commands->run()
#10 C:\xampp\htdocs\webTA_inventory\system\Boot.php(351): CodeIgniter\CLI\Console->run()
#11 C:\xampp\htdocs\webTA_inventory\system\Boot.php(104): CodeIgniter\Boot::runCommand()
#12 C:\xampp\htdocs\webTA_inventory\spark(84): CodeIgniter\Boot::bootSpark()
#13 {main}
ERROR - 2024-12-23 08:21:39 --> mysqli_sql_exception: Can't create table `web2_ta_inventory`.`detail_pembelian` (errno: 150 "Foreign key constraint is incorrectly formed") in C:\xampp\htdocs\webTA_inventory\system\Database\MySQLi\Connection.php:312
Stack trace:
#0 C:\xampp\htdocs\webTA_inventory\system\Database\MySQLi\Connection.php(312): mysqli->query()
#1 C:\xampp\htdocs\webTA_inventory\system\Database\BaseConnection.php(734): CodeIgniter\Database\MySQLi\Connection->execute()
#2 C:\xampp\htdocs\webTA_inventory\system\Database\BaseConnection.php(648): CodeIgniter\Database\BaseConnection->simpleQuery()
#3 C:\xampp\htdocs\webTA_inventory\system\Database\Forge.php(570): CodeIgniter\Database\BaseConnection->query()
#4 C:\xampp\htdocs\webTA_inventory\app\Database\Migrations\2024-12-23-080107_DetailPembelian.php(38): CodeIgniter\Database\Forge->createTable()
#5 C:\xampp\htdocs\webTA_inventory\system\Database\MigrationRunner.php(867): App\Database\Migrations\DetailPembelian->up()
#6 C:\xampp\htdocs\webTA_inventory\system\Database\MigrationRunner.php(183): CodeIgniter\Database\MigrationRunner->migrate()
#7 C:\xampp\htdocs\webTA_inventory\system\Commands\Database\Migrate.php(85): CodeIgniter\Database\MigrationRunner->latest()
#8 C:\xampp\htdocs\webTA_inventory\system\CLI\Commands.php(70): CodeIgniter\Commands\Database\Migrate->run()
#9 C:\xampp\htdocs\webTA_inventory\system\CLI\BaseCommand.php(119): CodeIgniter\CLI\Commands->run()
#10 C:\xampp\htdocs\webTA_inventory\system\Commands\Database\MigrateRefresh.php(87): CodeIgniter\CLI\BaseCommand->call()
#11 C:\xampp\htdocs\webTA_inventory\system\CLI\Commands.php(70): CodeIgniter\Commands\Database\MigrateRefresh->run()
#12 C:\xampp\htdocs\webTA_inventory\system\CLI\Console.php(48): CodeIgniter\CLI\Commands->run()
#13 C:\xampp\htdocs\webTA_inventory\system\Boot.php(351): CodeIgniter\CLI\Console->run()
#14 C:\xampp\htdocs\webTA_inventory\system\Boot.php(104): CodeIgniter\Boot::runCommand()
#15 C:\xampp\htdocs\webTA_inventory\spark(84): CodeIgniter\Boot::bootSpark()
#16 {main}
ERROR - 2024-12-23 08:22:59 --> mysqli_sql_exception: Can't create table `web2_ta_inventory`.`detail_pembelian` (errno: 150 "Foreign key constraint is incorrectly formed") in C:\xampp\htdocs\webTA_inventory\system\Database\MySQLi\Connection.php:312
Stack trace:
#0 C:\xampp\htdocs\webTA_inventory\system\Database\MySQLi\Connection.php(312): mysqli->query()
#1 C:\xampp\htdocs\webTA_inventory\system\Database\BaseConnection.php(734): CodeIgniter\Database\MySQLi\Connection->execute()
#2 C:\xampp\htdocs\webTA_inventory\system\Database\BaseConnection.php(648): CodeIgniter\Database\BaseConnection->simpleQuery()
#3 C:\xampp\htdocs\webTA_inventory\system\Database\Forge.php(570): CodeIgniter\Database\BaseConnection->query()
#4 C:\xampp\htdocs\webTA_inventory\app\Database\Migrations\2024-12-23-080107_DetailPembelian.php(38): CodeIgniter\Database\Forge->createTable()
#5 C:\xampp\htdocs\webTA_inventory\system\Database\MigrationRunner.php(867): App\Database\Migrations\DetailPembelian->up()
#6 C:\xampp\htdocs\webTA_inventory\system\Database\MigrationRunner.php(183): CodeIgniter\Database\MigrationRunner->migrate()
#7 C:\xampp\htdocs\webTA_inventory\system\Commands\Database\Migrate.php(85): CodeIgniter\Database\MigrationRunner->latest()
#8 C:\xampp\htdocs\webTA_inventory\system\CLI\Commands.php(70): CodeIgniter\Commands\Database\Migrate->run()
#9 C:\xampp\htdocs\webTA_inventory\system\CLI\BaseCommand.php(119): CodeIgniter\CLI\Commands->run()
#10 C:\xampp\htdocs\webTA_inventory\system\Commands\Database\MigrateRefresh.php(87): CodeIgniter\CLI\BaseCommand->call()
#11 C:\xampp\htdocs\webTA_inventory\system\CLI\Commands.php(70): CodeIgniter\Commands\Database\MigrateRefresh->run()
#12 C:\xampp\htdocs\webTA_inventory\system\CLI\Console.php(48): CodeIgniter\CLI\Commands->run()
#13 C:\xampp\htdocs\webTA_inventory\system\Boot.php(351): CodeIgniter\CLI\Console->run()
#14 C:\xampp\htdocs\webTA_inventory\system\Boot.php(104): CodeIgniter\Boot::runCommand()
#15 C:\xampp\htdocs\webTA_inventory\spark(84): CodeIgniter\Boot::bootSpark()
#16 {main}
ERROR - 2024-12-23 08:26:50 --> mysqli_sql_exception: Table 'detail_pembelian' already exists in C:\xampp\htdocs\webTA_inventory\system\Database\MySQLi\Connection.php:312
Stack trace:
#0 C:\xampp\htdocs\webTA_inventory\system\Database\MySQLi\Connection.php(312): mysqli->query()
#1 C:\xampp\htdocs\webTA_inventory\system\Database\BaseConnection.php(734): CodeIgniter\Database\MySQLi\Connection->execute()
#2 C:\xampp\htdocs\webTA_inventory\system\Database\BaseConnection.php(648): CodeIgniter\Database\BaseConnection->simpleQuery()
#3 C:\xampp\htdocs\webTA_inventory\system\Database\Forge.php(570): CodeIgniter\Database\BaseConnection->query()
#4 C:\xampp\htdocs\webTA_inventory\app\Database\Migrations\2024-12-23-080107_DetailPembelian.php(35): CodeIgniter\Database\Forge->createTable()
#5 C:\xampp\htdocs\webTA_inventory\system\Database\MigrationRunner.php(867): App\Database\Migrations\DetailPembelian->up()
#6 C:\xampp\htdocs\webTA_inventory\system\Database\MigrationRunner.php(183): CodeIgniter\Database\MigrationRunner->migrate()
#7 C:\xampp\htdocs\webTA_inventory\system\Commands\Database\Migrate.php(85): CodeIgniter\Database\MigrationRunner->latest()
#8 C:\xampp\htdocs\webTA_inventory\system\CLI\Commands.php(70): CodeIgniter\Commands\Database\Migrate->run()
#9 C:\xampp\htdocs\webTA_inventory\system\CLI\BaseCommand.php(119): CodeIgniter\CLI\Commands->run()
#10 C:\xampp\htdocs\webTA_inventory\system\Commands\Database\MigrateRefresh.php(87): CodeIgniter\CLI\BaseCommand->call()
#11 C:\xampp\htdocs\webTA_inventory\system\CLI\Commands.php(70): CodeIgniter\Commands\Database\MigrateRefresh->run()
#12 C:\xampp\htdocs\webTA_inventory\system\CLI\Console.php(48): CodeIgniter\CLI\Commands->run()
#13 C:\xampp\htdocs\webTA_inventory\system\Boot.php(351): CodeIgniter\CLI\Console->run()
#14 C:\xampp\htdocs\webTA_inventory\system\Boot.php(104): CodeIgniter\Boot::runCommand()
#15 C:\xampp\htdocs\webTA_inventory\spark(84): CodeIgniter\Boot::bootSpark()
#16 {main}
ERROR - 2024-12-23 08:28:43 --> mysqli_sql_exception: Table 'detail_pembelian' already exists in C:\xampp\htdocs\webTA_inventory\system\Database\MySQLi\Connection.php:312
Stack trace:
#0 C:\xampp\htdocs\webTA_inventory\system\Database\MySQLi\Connection.php(312): mysqli->query()
#1 C:\xampp\htdocs\webTA_inventory\system\Database\BaseConnection.php(734): CodeIgniter\Database\MySQLi\Connection->execute()
#2 C:\xampp\htdocs\webTA_inventory\system\Database\BaseConnection.php(648): CodeIgniter\Database\BaseConnection->simpleQuery()
#3 C:\xampp\htdocs\webTA_inventory\system\Database\Forge.php(570): CodeIgniter\Database\BaseConnection->query()
#4 C:\xampp\htdocs\webTA_inventory\app\Database\Migrations\2024-12-23-080107_DetailPembelian.php(38): CodeIgniter\Database\Forge->createTable()
#5 C:\xampp\htdocs\webTA_inventory\system\Database\MigrationRunner.php(867): App\Database\Migrations\DetailPembelian->up()
#6 C:\xampp\htdocs\webTA_inventory\system\Database\MigrationRunner.php(183): CodeIgniter\Database\MigrationRunner->migrate()
#7 C:\xampp\htdocs\webTA_inventory\system\Commands\Database\Migrate.php(85): CodeIgniter\Database\MigrationRunner->latest()
#8 C:\xampp\htdocs\webTA_inventory\system\CLI\Commands.php(70): CodeIgniter\Commands\Database\Migrate->run()
#9 C:\xampp\htdocs\webTA_inventory\system\CLI\BaseCommand.php(119): CodeIgniter\CLI\Commands->run()
#10 C:\xampp\htdocs\webTA_inventory\system\Commands\Database\MigrateRefresh.php(87): CodeIgniter\CLI\BaseCommand->call()
#11 C:\xampp\htdocs\webTA_inventory\system\CLI\Commands.php(70): CodeIgniter\Commands\Database\MigrateRefresh->run()
#12 C:\xampp\htdocs\webTA_inventory\system\CLI\Console.php(48): CodeIgniter\CLI\Commands->run()
#13 C:\xampp\htdocs\webTA_inventory\system\Boot.php(351): CodeIgniter\CLI\Console->run()
#14 C:\xampp\htdocs\webTA_inventory\system\Boot.php(104): CodeIgniter\Boot::runCommand()
#15 C:\xampp\htdocs\webTA_inventory\spark(84): CodeIgniter\Boot::bootSpark()
#16 {main}
