INFO - 2025-01-16 02:39:56 --> Session: Class initialized using 'CodeIgniter\Session\Handlers\FileHandler' driver.
ERROR - 2025-01-16 02:48:28 --> Error connecting to the database: mysqli_sql_exception: No connection could be made because the target machine actively refused it in C:\xampp\htdocs\webTA_inventory3\system\Database\MySQLi\Connection.php:186
Stack trace:
#0 C:\xampp\htdocs\webTA_inventory3\system\Database\MySQLi\Connection.php(186): mysqli->real_connect('localhost', 'root', Object(SensitiveParameterValue), 'web2_ta_invento...', 3306, '', 0)
#1 C:\xampp\htdocs\webTA_inventory3\system\Database\BaseConnection.php(421): CodeIgniter\Database\MySQLi\Connection->connect(false)
#2 C:\xampp\htdocs\webTA_inventory3\system\Database\BaseConnection.php(616): CodeIgniter\Database\BaseConnection->initialize()
#3 C:\xampp\htdocs\webTA_inventory3\system\Database\BaseBuilder.php(1644): CodeIgniter\Database\BaseConnection->query('SELECT *\nFROM `...', Array, false)
#4 C:\xampp\htdocs\webTA_inventory3\system\Model.php(330): CodeIgniter\Database\BaseBuilder->get()
#5 C:\xampp\htdocs\webTA_inventory3\system\BaseModel.php(714): CodeIgniter\Model->doFirst()
#6 C:\xampp\htdocs\webTA_inventory3\app\Controllers\Auth.php(25): CodeIgniter\BaseModel->first()
#7 C:\xampp\htdocs\webTA_inventory3\system\CodeIgniter.php(933): App\Controllers\Auth->login()
#8 C:\xampp\htdocs\webTA_inventory3\system\CodeIgniter.php(509): CodeIgniter\CodeIgniter->runController(Object(App\Controllers\Auth))
#9 C:\xampp\htdocs\webTA_inventory3\system\CodeIgniter.php(355): CodeIgniter\CodeIgniter->handleRequest(NULL, Object(Config\Cache), false)
#10 C:\xampp\htdocs\webTA_inventory3\system\Boot.php(325): CodeIgniter\CodeIgniter->run()
#11 C:\xampp\htdocs\webTA_inventory3\system\Boot.php(67): CodeIgniter\Boot::runCodeIgniter(Object(CodeIgniter\CodeIgniter))
#12 C:\xampp\htdocs\webTA_inventory3\public\index.php(56): CodeIgniter\Boot::bootWeb(Object(Config\Paths))
#13 C:\xampp\htdocs\webTA_inventory3\system\rewrite.php(44): require_once('C:\\xampp\\htdocs...')
#14 {main}

Next CodeIgniter\Database\Exceptions\DatabaseException: No connection could be made because the target machine actively refused it in C:\xampp\htdocs\webTA_inventory3\system\Database\MySQLi\Connection.php:231
Stack trace:
#0 C:\xampp\htdocs\webTA_inventory3\system\Database\BaseConnection.php(421): CodeIgniter\Database\MySQLi\Connection->connect(false)
#1 C:\xampp\htdocs\webTA_inventory3\system\Database\BaseConnection.php(616): CodeIgniter\Database\BaseConnection->initialize()
#2 C:\xampp\htdocs\webTA_inventory3\system\Database\BaseBuilder.php(1644): CodeIgniter\Database\BaseConnection->query('SELECT *\nFROM `...', Array, false)
#3 C:\xampp\htdocs\webTA_inventory3\system\Model.php(330): CodeIgniter\Database\BaseBuilder->get()
#4 C:\xampp\htdocs\webTA_inventory3\system\BaseModel.php(714): CodeIgniter\Model->doFirst()
#5 C:\xampp\htdocs\webTA_inventory3\app\Controllers\Auth.php(25): CodeIgniter\BaseModel->first()
#6 C:\xampp\htdocs\webTA_inventory3\system\CodeIgniter.php(933): App\Controllers\Auth->login()
#7 C:\xampp\htdocs\webTA_inventory3\system\CodeIgniter.php(509): CodeIgniter\CodeIgniter->runController(Object(App\Controllers\Auth))
#8 C:\xampp\htdocs\webTA_inventory3\system\CodeIgniter.php(355): CodeIgniter\CodeIgniter->handleRequest(NULL, Object(Config\Cache), false)
#9 C:\xampp\htdocs\webTA_inventory3\system\Boot.php(325): CodeIgniter\CodeIgniter->run()
#10 C:\xampp\htdocs\webTA_inventory3\system\Boot.php(67): CodeIgniter\Boot::runCodeIgniter(Object(CodeIgniter\CodeIgniter))
#11 C:\xampp\htdocs\webTA_inventory3\public\index.php(56): CodeIgniter\Boot::bootWeb(Object(Config\Paths))
#12 C:\xampp\htdocs\webTA_inventory3\system\rewrite.php(44): require_once('C:\\xampp\\htdocs...')
#13 {main}
CRITICAL - 2025-01-16 02:48:28 --> CodeIgniter\Database\Exceptions\DatabaseException: Unable to connect to the database.
Main connection [MySQLi]: No connection could be made because the target machine actively refused it
[Method: POST, Route: login]
in SYSTEMPATH\Database\BaseConnection.php on line 467.
 1 SYSTEMPATH\Database\BaseConnection.php(616): CodeIgniter\Database\BaseConnection->initialize()
 2 SYSTEMPATH\Database\BaseBuilder.php(1644): CodeIgniter\Database\BaseConnection->query('SELECT *
FROM `user`
WHERE `username` = :username:
 LIMIT 1', [...], false)
 3 SYSTEMPATH\Model.php(330): CodeIgniter\Database\BaseBuilder->get()
 4 SYSTEMPATH\BaseModel.php(714): CodeIgniter\Model->doFirst()
 5 APPPATH\Controllers\Auth.php(25): CodeIgniter\BaseModel->first()
 6 SYSTEMPATH\CodeIgniter.php(933): App\Controllers\Auth->login()
 7 SYSTEMPATH\CodeIgniter.php(509): CodeIgniter\CodeIgniter->runController(Object(App\Controllers\Auth))
 8 SYSTEMPATH\CodeIgniter.php(355): CodeIgniter\CodeIgniter->handleRequest(null, Object(Config\Cache), false)
 9 SYSTEMPATH\Boot.php(325): CodeIgniter\CodeIgniter->run()
10 SYSTEMPATH\Boot.php(67): CodeIgniter\Boot::runCodeIgniter(Object(CodeIgniter\CodeIgniter))
11 FCPATH\index.php(56): CodeIgniter\Boot::bootWeb(Object(Config\Paths))
12 SYSTEMPATH\rewrite.php(44): require_once('C:\\xampp\\htdocs\\webTA_inventory3\\public\\index.php')
INFO - 2025-01-16 02:49:00 --> Session: Class initialized using 'CodeIgniter\Session\Handlers\FileHandler' driver.
INFO - 2025-01-16 02:49:00 --> Session: Class initialized using 'CodeIgniter\Session\Handlers\FileHandler' driver.
INFO - 2025-01-16 02:49:14 --> Session: Class initialized using 'CodeIgniter\Session\Handlers\FileHandler' driver.
INFO - 2025-01-16 02:49:17 --> Session: Class initialized using 'CodeIgniter\Session\Handlers\FileHandler' driver.
INFO - 2025-01-16 02:49:20 --> Session: Class initialized using 'CodeIgniter\Session\Handlers\FileHandler' driver.
INFO - 2025-01-16 02:49:24 --> Session: Class initialized using 'CodeIgniter\Session\Handlers\FileHandler' driver.
INFO - 2025-01-16 02:49:28 --> Session: Class initialized using 'CodeIgniter\Session\Handlers\FileHandler' driver.
INFO - 2025-01-16 02:49:29 --> Session: Class initialized using 'CodeIgniter\Session\Handlers\FileHandler' driver.
INFO - 2025-01-16 02:49:34 --> Session: Class initialized using 'CodeIgniter\Session\Handlers\FileHandler' driver.
INFO - 2025-01-16 02:49:58 --> Session: Class initialized using 'CodeIgniter\Session\Handlers\FileHandler' driver.
INFO - 2025-01-16 02:50:08 --> Session: Class initialized using 'CodeIgniter\Session\Handlers\FileHandler' driver.
INFO - 2025-01-16 02:50:34 --> Session: Class initialized using 'CodeIgniter\Session\Handlers\FileHandler' driver.
INFO - 2025-01-16 02:50:42 --> Session: Class initialized using 'CodeIgniter\Session\Handlers\FileHandler' driver.
INFO - 2025-01-16 02:50:42 --> Session: Class initialized using 'CodeIgniter\Session\Handlers\FileHandler' driver.
INFO - 2025-01-16 02:51:03 --> Session: Class initialized using 'CodeIgniter\Session\Handlers\FileHandler' driver.
INFO - 2025-01-16 02:51:03 --> Session: Class initialized using 'CodeIgniter\Session\Handlers\FileHandler' driver.
INFO - 2025-01-16 02:51:15 --> Session: Class initialized using 'CodeIgniter\Session\Handlers\FileHandler' driver.
INFO - 2025-01-16 02:51:15 --> Session: Class initialized using 'CodeIgniter\Session\Handlers\FileHandler' driver.
INFO - 2025-01-16 02:51:23 --> Session: Class initialized using 'CodeIgniter\Session\Handlers\FileHandler' driver.
INFO - 2025-01-16 02:51:23 --> Session: Class initialized using 'CodeIgniter\Session\Handlers\FileHandler' driver.
INFO - 2025-01-16 02:52:04 --> Session: Class initialized using 'CodeIgniter\Session\Handlers\FileHandler' driver.
INFO - 2025-01-16 02:52:07 --> Session: Class initialized using 'CodeIgniter\Session\Handlers\FileHandler' driver.
INFO - 2025-01-16 02:52:16 --> Session: Class initialized using 'CodeIgniter\Session\Handlers\FileHandler' driver.
INFO - 2025-01-16 02:52:17 --> Session: Class initialized using 'CodeIgniter\Session\Handlers\FileHandler' driver.
INFO - 2025-01-16 02:52:29 --> Session: Class initialized using 'CodeIgniter\Session\Handlers\FileHandler' driver.
INFO - 2025-01-16 02:52:29 --> Session: Class initialized using 'CodeIgniter\Session\Handlers\FileHandler' driver.
INFO - 2025-01-16 02:52:36 --> Session: Class initialized using 'CodeIgniter\Session\Handlers\FileHandler' driver.
INFO - 2025-01-16 02:52:38 --> Session: Class initialized using 'CodeIgniter\Session\Handlers\FileHandler' driver.
INFO - 2025-01-16 02:52:41 --> Session: Class initialized using 'CodeIgniter\Session\Handlers\FileHandler' driver.
INFO - 2025-01-16 02:52:46 --> Session: Class initialized using 'CodeIgniter\Session\Handlers\FileHandler' driver.
INFO - 2025-01-16 02:52:48 --> Session: Class initialized using 'CodeIgniter\Session\Handlers\FileHandler' driver.
INFO - 2025-01-16 02:52:51 --> Session: Class initialized using 'CodeIgniter\Session\Handlers\FileHandler' driver.
INFO - 2025-01-16 02:52:54 --> Session: Class initialized using 'CodeIgniter\Session\Handlers\FileHandler' driver.
INFO - 2025-01-16 02:53:02 --> Session: Class initialized using 'CodeIgniter\Session\Handlers\FileHandler' driver.
INFO - 2025-01-16 02:53:11 --> Session: Class initialized using 'CodeIgniter\Session\Handlers\FileHandler' driver.
INFO - 2025-01-16 02:53:23 --> Session: Class initialized using 'CodeIgniter\Session\Handlers\FileHandler' driver.
INFO - 2025-01-16 02:53:51 --> Session: Class initialized using 'CodeIgniter\Session\Handlers\FileHandler' driver.
DEBUG - 2025-01-16 02:53:51 --> Query penjualan: SELECT `barang`.`kode_barang`, `barang`.`nama_barang`, `barang`.`brand`, `barang`.`stok`, SUM(detail_penjualan.qty) as total_qty_penjualan
FROM `detail_penjualan`
JOIN `barang` ON `barang`.`kode_barang` = `detail_penjualan`.`kode_barang`
JOIN `penjualan` ON `detail_penjualan`.`id_penjualan` = `penjualan`.`id_penjualan`
WHERE DATE_FORMAT(tgl_penjualan, '%Y-%m') = '2025-02'
GROUP BY `barang`.`kode_barang`
DEBUG - 2025-01-16 02:53:51 --> Hasil penjualan: []
DEBUG - 2025-01-16 02:53:51 --> Query pembelian: SELECT `barang`.`kode_barang`, `barang`.`nama_barang`, `barang`.`brand`, `barang`.`stok`, SUM(detail_pembelian.qty) as total_qty_pembelian
FROM `detail_pembelian`
JOIN `barang` ON `barang`.`kode_barang` = `detail_pembelian`.`kode_barang`
JOIN `pembelian` ON `detail_pembelian`.`id_pembelian` = `pembelian`.`id_pembelian`
WHERE DATE_FORMAT(tgl_pembelian, '%Y-%m') = '2025-02'
GROUP BY `barang`.`kode_barang`
DEBUG - 2025-01-16 02:53:51 --> Hasil pembelian: []
DEBUG - 2025-01-16 02:53:51 --> Data gabungan: []
INFO - 2025-01-16 02:54:17 --> Session: Class initialized using 'CodeIgniter\Session\Handlers\FileHandler' driver.
DEBUG - 2025-01-16 02:54:17 --> Query penjualan: SELECT `barang`.`kode_barang`, `barang`.`nama_barang`, `barang`.`brand`, `barang`.`stok`, SUM(detail_penjualan.qty) as total_qty_penjualan
FROM `detail_penjualan`
JOIN `barang` ON `barang`.`kode_barang` = `detail_penjualan`.`kode_barang`
JOIN `penjualan` ON `detail_penjualan`.`id_penjualan` = `penjualan`.`id_penjualan`
WHERE DATE_FORMAT(tgl_penjualan, '%Y-%m') = '2025-01'
GROUP BY `barang`.`kode_barang`
DEBUG - 2025-01-16 02:54:17 --> Hasil penjualan: [{"kode_barang":"ADVSPK","nama_barang":"Advance Speaker 2.0 Mini","brand":"Advance","stok":"4","total_qty_penjualan":"1"},{"kode_barang":"CTR810","nama_barang":"Cartidge 810","brand":"Canon","stok":"1","total_qty_penjualan":"1"},{"kode_barang":"CTR811","nama_barang":"Cartidge 811","brand":"Canon","stok":"0","total_qty_penjualan":"2"},{"kode_barang":"FMEO01","nama_barang":"Fan Murago Ergostand","brand":"Murago","stok":"3","total_qty_penjualan":"1"},{"kode_barang":"FSD16G","nama_barang":"Flashdisk Sandisk 16 GB","brand":"Sandisk","stok":"10","total_qty_penjualan":"5"},{"kode_barang":"KB2308","nama_barang":"Keyboard Votre KB2308","brand":"Votre","stok":"7","total_qty_penjualan":"1"}]
DEBUG - 2025-01-16 02:54:17 --> Query pembelian: SELECT `barang`.`kode_barang`, `barang`.`nama_barang`, `barang`.`brand`, `barang`.`stok`, SUM(detail_pembelian.qty) as total_qty_pembelian
FROM `detail_pembelian`
JOIN `barang` ON `barang`.`kode_barang` = `detail_pembelian`.`kode_barang`
JOIN `pembelian` ON `detail_pembelian`.`id_pembelian` = `pembelian`.`id_pembelian`
WHERE DATE_FORMAT(tgl_pembelian, '%Y-%m') = '2025-01'
GROUP BY `barang`.`kode_barang`
DEBUG - 2025-01-16 02:54:17 --> Hasil pembelian: [{"kode_barang":"ADVSPK","nama_barang":"Advance Speaker 2.0 Mini","brand":"Advance","stok":"4","total_qty_pembelian":"5"},{"kode_barang":"CTR810","nama_barang":"Cartidge 810","brand":"Canon","stok":"1","total_qty_pembelian":"2"},{"kode_barang":"CTR811","nama_barang":"Cartidge 811","brand":"Canon","stok":"0","total_qty_pembelian":"2"},{"kode_barang":"FMEO01","nama_barang":"Fan Murago Ergostand","brand":"Murago","stok":"3","total_qty_pembelian":"4"},{"kode_barang":"FSD16G","nama_barang":"Flashdisk Sandisk 16 GB","brand":"Sandisk","stok":"10","total_qty_pembelian":"15"},{"kode_barang":"FTD16G","nama_barang":"Flashdisk Toshiba 16 GB","brand":"Toshiba","stok":"7","total_qty_pembelian":"7"},{"kode_barang":"KB2308","nama_barang":"Keyboard Votre KB2308","brand":"Votre","stok":"7","total_qty_pembelian":"8"}]
DEBUG - 2025-01-16 02:54:17 --> Data gabungan: {"ADVSPK":{"kode_barang":"ADVSPK","nama_barang":"Advance Speaker 2.0 Mini","brand":"Advance","stok":"4","qty_penjualan":"1","qty_pembelian":"5"},"CTR810":{"kode_barang":"CTR810","nama_barang":"Cartidge 810","brand":"Canon","stok":"1","qty_penjualan":"1","qty_pembelian":"2"},"CTR811":{"kode_barang":"CTR811","nama_barang":"Cartidge 811","brand":"Canon","stok":"0","qty_penjualan":"2","qty_pembelian":"2"},"FMEO01":{"kode_barang":"FMEO01","nama_barang":"Fan Murago Ergostand","brand":"Murago","stok":"3","qty_penjualan":"1","qty_pembelian":"4"},"FSD16G":{"kode_barang":"FSD16G","nama_barang":"Flashdisk Sandisk 16 GB","brand":"Sandisk","stok":"10","qty_penjualan":"5","qty_pembelian":"15"},"KB2308":{"kode_barang":"KB2308","nama_barang":"Keyboard Votre KB2308","brand":"Votre","stok":"7","qty_penjualan":"1","qty_pembelian":"8"},"FTD16G":{"kode_barang":"FTD16G","nama_barang":"Flashdisk Toshiba 16 GB","brand":"Toshiba","stok":"7","qty_penjualan":0,"qty_pembelian":"7"}}
INFO - 2025-01-16 02:54:32 --> Session: Class initialized using 'CodeIgniter\Session\Handlers\FileHandler' driver.
INFO - 2025-01-16 02:55:20 --> Session: Class initialized using 'CodeIgniter\Session\Handlers\FileHandler' driver.
INFO - 2025-01-16 02:55:20 --> Session: Class initialized using 'CodeIgniter\Session\Handlers\FileHandler' driver.
INFO - 2025-01-16 03:40:28 --> Session: Class initialized using 'CodeIgniter\Session\Handlers\FileHandler' driver.
ERROR - 2025-01-16 03:40:45 --> Error connecting to the database: mysqli_sql_exception: No connection could be made because the target machine actively refused it in C:\xampp\htdocs\webTA_inventory3\system\Database\MySQLi\Connection.php:186
Stack trace:
#0 C:\xampp\htdocs\webTA_inventory3\system\Database\MySQLi\Connection.php(186): mysqli->real_connect('localhost', 'root', Object(SensitiveParameterValue), 'web2_ta_invento...', 3306, '', 0)
#1 C:\xampp\htdocs\webTA_inventory3\system\Database\BaseConnection.php(421): CodeIgniter\Database\MySQLi\Connection->connect(false)
#2 C:\xampp\htdocs\webTA_inventory3\system\Database\BaseConnection.php(616): CodeIgniter\Database\BaseConnection->initialize()
#3 C:\xampp\htdocs\webTA_inventory3\system\Database\BaseBuilder.php(1644): CodeIgniter\Database\BaseConnection->query('SELECT *\nFROM `...', Array, false)
#4 C:\xampp\htdocs\webTA_inventory3\system\Model.php(330): CodeIgniter\Database\BaseBuilder->get()
#5 C:\xampp\htdocs\webTA_inventory3\system\BaseModel.php(714): CodeIgniter\Model->doFirst()
#6 C:\xampp\htdocs\webTA_inventory3\app\Controllers\Auth.php(25): CodeIgniter\BaseModel->first()
#7 C:\xampp\htdocs\webTA_inventory3\system\CodeIgniter.php(933): App\Controllers\Auth->login()
#8 C:\xampp\htdocs\webTA_inventory3\system\CodeIgniter.php(509): CodeIgniter\CodeIgniter->runController(Object(App\Controllers\Auth))
#9 C:\xampp\htdocs\webTA_inventory3\system\CodeIgniter.php(355): CodeIgniter\CodeIgniter->handleRequest(NULL, Object(Config\Cache), false)
#10 C:\xampp\htdocs\webTA_inventory3\system\Boot.php(325): CodeIgniter\CodeIgniter->run()
#11 C:\xampp\htdocs\webTA_inventory3\system\Boot.php(67): CodeIgniter\Boot::runCodeIgniter(Object(CodeIgniter\CodeIgniter))
#12 C:\xampp\htdocs\webTA_inventory3\public\index.php(56): CodeIgniter\Boot::bootWeb(Object(Config\Paths))
#13 C:\xampp\htdocs\webTA_inventory3\system\rewrite.php(44): require_once('C:\\xampp\\htdocs...')
#14 {main}

Next CodeIgniter\Database\Exceptions\DatabaseException: No connection could be made because the target machine actively refused it in C:\xampp\htdocs\webTA_inventory3\system\Database\MySQLi\Connection.php:231
Stack trace:
#0 C:\xampp\htdocs\webTA_inventory3\system\Database\BaseConnection.php(421): CodeIgniter\Database\MySQLi\Connection->connect(false)
#1 C:\xampp\htdocs\webTA_inventory3\system\Database\BaseConnection.php(616): CodeIgniter\Database\BaseConnection->initialize()
#2 C:\xampp\htdocs\webTA_inventory3\system\Database\BaseBuilder.php(1644): CodeIgniter\Database\BaseConnection->query('SELECT *\nFROM `...', Array, false)
#3 C:\xampp\htdocs\webTA_inventory3\system\Model.php(330): CodeIgniter\Database\BaseBuilder->get()
#4 C:\xampp\htdocs\webTA_inventory3\system\BaseModel.php(714): CodeIgniter\Model->doFirst()
#5 C:\xampp\htdocs\webTA_inventory3\app\Controllers\Auth.php(25): CodeIgniter\BaseModel->first()
#6 C:\xampp\htdocs\webTA_inventory3\system\CodeIgniter.php(933): App\Controllers\Auth->login()
#7 C:\xampp\htdocs\webTA_inventory3\system\CodeIgniter.php(509): CodeIgniter\CodeIgniter->runController(Object(App\Controllers\Auth))
#8 C:\xampp\htdocs\webTA_inventory3\system\CodeIgniter.php(355): CodeIgniter\CodeIgniter->handleRequest(NULL, Object(Config\Cache), false)
#9 C:\xampp\htdocs\webTA_inventory3\system\Boot.php(325): CodeIgniter\CodeIgniter->run()
#10 C:\xampp\htdocs\webTA_inventory3\system\Boot.php(67): CodeIgniter\Boot::runCodeIgniter(Object(CodeIgniter\CodeIgniter))
#11 C:\xampp\htdocs\webTA_inventory3\public\index.php(56): CodeIgniter\Boot::bootWeb(Object(Config\Paths))
#12 C:\xampp\htdocs\webTA_inventory3\system\rewrite.php(44): require_once('C:\\xampp\\htdocs...')
#13 {main}
CRITICAL - 2025-01-16 03:40:45 --> CodeIgniter\Database\Exceptions\DatabaseException: Unable to connect to the database.
Main connection [MySQLi]: No connection could be made because the target machine actively refused it
[Method: POST, Route: login]
in SYSTEMPATH\Database\BaseConnection.php on line 467.
 1 SYSTEMPATH\Database\BaseConnection.php(616): CodeIgniter\Database\BaseConnection->initialize()
 2 SYSTEMPATH\Database\BaseBuilder.php(1644): CodeIgniter\Database\BaseConnection->query('SELECT *
FROM `user`
WHERE `username` = :username:
 LIMIT 1', [...], false)
 3 SYSTEMPATH\Model.php(330): CodeIgniter\Database\BaseBuilder->get()
 4 SYSTEMPATH\BaseModel.php(714): CodeIgniter\Model->doFirst()
 5 APPPATH\Controllers\Auth.php(25): CodeIgniter\BaseModel->first()
 6 SYSTEMPATH\CodeIgniter.php(933): App\Controllers\Auth->login()
 7 SYSTEMPATH\CodeIgniter.php(509): CodeIgniter\CodeIgniter->runController(Object(App\Controllers\Auth))
 8 SYSTEMPATH\CodeIgniter.php(355): CodeIgniter\CodeIgniter->handleRequest(null, Object(Config\Cache), false)
 9 SYSTEMPATH\Boot.php(325): CodeIgniter\CodeIgniter->run()
10 SYSTEMPATH\Boot.php(67): CodeIgniter\Boot::runCodeIgniter(Object(CodeIgniter\CodeIgniter))
11 FCPATH\index.php(56): CodeIgniter\Boot::bootWeb(Object(Config\Paths))
12 SYSTEMPATH\rewrite.php(44): require_once('C:\\xampp\\htdocs\\webTA_inventory3\\public\\index.php')
INFO - 2025-01-16 03:41:00 --> Session: Class initialized using 'CodeIgniter\Session\Handlers\FileHandler' driver.
INFO - 2025-01-16 03:41:01 --> Session: Class initialized using 'CodeIgniter\Session\Handlers\FileHandler' driver.
INFO - 2025-01-16 03:41:18 --> Session: Class initialized using 'CodeIgniter\Session\Handlers\FileHandler' driver.
INFO - 2025-01-16 03:41:54 --> Session: Class initialized using 'CodeIgniter\Session\Handlers\FileHandler' driver.
INFO - 2025-01-16 03:42:03 --> Session: Class initialized using 'CodeIgniter\Session\Handlers\FileHandler' driver.
INFO - 2025-01-16 03:43:30 --> Session: Class initialized using 'CodeIgniter\Session\Handlers\FileHandler' driver.
INFO - 2025-01-16 03:43:31 --> Session: Class initialized using 'CodeIgniter\Session\Handlers\FileHandler' driver.
INFO - 2025-01-16 03:43:42 --> Session: Class initialized using 'CodeIgniter\Session\Handlers\FileHandler' driver.
INFO - 2025-01-16 03:43:49 --> Session: Class initialized using 'CodeIgniter\Session\Handlers\FileHandler' driver.
INFO - 2025-01-16 03:43:58 --> Session: Class initialized using 'CodeIgniter\Session\Handlers\FileHandler' driver.
INFO - 2025-01-16 03:44:17 --> Session: Class initialized using 'CodeIgniter\Session\Handlers\FileHandler' driver.
INFO - 2025-01-16 03:44:25 --> Session: Class initialized using 'CodeIgniter\Session\Handlers\FileHandler' driver.
INFO - 2025-01-16 03:45:12 --> Session: Class initialized using 'CodeIgniter\Session\Handlers\FileHandler' driver.
ERROR - 2025-01-16 10:45:12 --> Gagal menyimpan penjualan: {"id_penjualan":"FP16012025104512","tgl_penjualan":"2025-01-16 10:45:12","nama_pembeli":"Diaz","id_user":"5"}
ERROR - 2025-01-16 10:45:12 --> Gagal menyimpan detail penjualan: {"id_penjualan":"FP16012025104512","kode_barang":"ADVSPK","qty":"1","harga":"120000"}
INFO - 2025-01-16 10:45:12 --> Stok barang berhasil diperbarui: Kode Barang - ADVSPK, Stok Baru - 4
ERROR - 2025-01-16 10:45:12 --> Gagal menyimpan detail penjualan: {"id_penjualan":"FP16012025104512","kode_barang":"CTR810","qty":"1","harga":"210000"}
INFO - 2025-01-16 10:45:12 --> Stok barang berhasil diperbarui: Kode Barang - CTR810, Stok Baru - 1
INFO - 2025-01-16 03:45:12 --> Session: Class initialized using 'CodeIgniter\Session\Handlers\FileHandler' driver.
INFO - 2025-01-16 03:45:25 --> Session: Class initialized using 'CodeIgniter\Session\Handlers\FileHandler' driver.
INFO - 2025-01-16 03:45:33 --> Session: Class initialized using 'CodeIgniter\Session\Handlers\FileHandler' driver.
INFO - 2025-01-16 03:45:42 --> Session: Class initialized using 'CodeIgniter\Session\Handlers\FileHandler' driver.
INFO - 2025-01-16 03:45:47 --> Session: Class initialized using 'CodeIgniter\Session\Handlers\FileHandler' driver.
INFO - 2025-01-16 03:45:56 --> Session: Class initialized using 'CodeIgniter\Session\Handlers\FileHandler' driver.
INFO - 2025-01-16 03:45:58 --> Session: Class initialized using 'CodeIgniter\Session\Handlers\FileHandler' driver.
INFO - 2025-01-16 03:46:17 --> Session: Class initialized using 'CodeIgniter\Session\Handlers\FileHandler' driver.
INFO - 2025-01-16 03:46:59 --> Session: Class initialized using 'CodeIgniter\Session\Handlers\FileHandler' driver.
INFO - 2025-01-16 03:47:05 --> Session: Class initialized using 'CodeIgniter\Session\Handlers\FileHandler' driver.
INFO - 2025-01-16 03:47:07 --> Session: Class initialized using 'CodeIgniter\Session\Handlers\FileHandler' driver.
INFO - 2025-01-16 03:47:27 --> Session: Class initialized using 'CodeIgniter\Session\Handlers\FileHandler' driver.
INFO - 2025-01-16 03:47:28 --> Session: Class initialized using 'CodeIgniter\Session\Handlers\FileHandler' driver.
INFO - 2025-01-16 03:47:40 --> Session: Class initialized using 'CodeIgniter\Session\Handlers\FileHandler' driver.
INFO - 2025-01-16 03:47:40 --> Session: Class initialized using 'CodeIgniter\Session\Handlers\FileHandler' driver.
INFO - 2025-01-16 03:47:47 --> Session: Class initialized using 'CodeIgniter\Session\Handlers\FileHandler' driver.
INFO - 2025-01-16 03:47:51 --> Session: Class initialized using 'CodeIgniter\Session\Handlers\FileHandler' driver.
INFO - 2025-01-16 03:47:54 --> Session: Class initialized using 'CodeIgniter\Session\Handlers\FileHandler' driver.
INFO - 2025-01-16 03:48:01 --> Session: Class initialized using 'CodeIgniter\Session\Handlers\FileHandler' driver.
INFO - 2025-01-16 03:48:16 --> Session: Class initialized using 'CodeIgniter\Session\Handlers\FileHandler' driver.
INFO - 2025-01-16 03:50:28 --> Session: Class initialized using 'CodeIgniter\Session\Handlers\FileHandler' driver.
INFO - 2025-01-16 03:50:28 --> Session: Class initialized using 'CodeIgniter\Session\Handlers\FileHandler' driver.
INFO - 2025-01-16 03:50:37 --> Session: Class initialized using 'CodeIgniter\Session\Handlers\FileHandler' driver.
INFO - 2025-01-16 03:50:37 --> Session: Class initialized using 'CodeIgniter\Session\Handlers\FileHandler' driver.
INFO - 2025-01-16 03:50:44 --> Session: Class initialized using 'CodeIgniter\Session\Handlers\FileHandler' driver.
INFO - 2025-01-16 03:50:47 --> Session: Class initialized using 'CodeIgniter\Session\Handlers\FileHandler' driver.
INFO - 2025-01-16 03:57:17 --> Session: Class initialized using 'CodeIgniter\Session\Handlers\FileHandler' driver.
INFO - 2025-01-16 03:57:21 --> Session: Class initialized using 'CodeIgniter\Session\Handlers\FileHandler' driver.
